0 info it worked if it ends with ok
1 verbose cli [ '/home/or/n/bin/node', '/home/or/n/bin/npm', 'run', 'build' ]
2 info using npm@2.15.5
3 info using node@v4.4.5
4 verbose run-script [ 'prebuild', 'build', 'postbuild' ]
5 info prebuild js-jquery-slider@1.0.31
6 info build js-jquery-slider@1.0.31
7 verbose unsafe-perm in lifecycle true
8 info js-jquery-slider@1.0.31 Failed to exec build script
9 verbose stack Error: js-jquery-slider@1.0.31 build: `webpack`
9 verbose stack Exit status 1
9 verbose stack     at EventEmitter.<anonymous> (/home/or/n/lib/node_modules/npm/lib/utils/lifecycle.js:217:16)
9 verbose stack     at emitTwo (events.js:87:13)
9 verbose stack     at EventEmitter.emit (events.js:172:7)
9 verbose stack     at ChildProcess.<anonymous> (/home/or/n/lib/node_modules/npm/lib/utils/spawn.js:24:14)
9 verbose stack     at emitTwo (events.js:87:13)
9 verbose stack     at ChildProcess.emit (events.js:172:7)
9 verbose stack     at maybeClose (internal/child_process.js:827:16)
9 verbose stack     at Process.ChildProcess._handle.onexit (internal/child_process.js:211:5)
10 verbose pkgid js-jquery-slider@1.0.31
11 verbose cwd /home/or/code/js-jquery-slider
12 error Linux 3.10.0-514.el7.x86_64
13 error argv "/home/or/n/bin/node" "/home/or/n/bin/npm" "run" "build"
14 error node v4.4.5
15 error npm  v2.15.5
16 error code ELIFECYCLE
17 error js-jquery-slider@1.0.31 build: `webpack`
17 error Exit status 1
18 error Failed at the js-jquery-slider@1.0.31 build script 'webpack'.
18 error This is most likely a problem with the js-jquery-slider package,
18 error not with npm itself.
18 error Tell the author that this fails on your system:
18 error     webpack
18 error You can get information on how to open an issue for this project with:
18 error     npm bugs js-jquery-slider
18 error Or if that isn't available, you can get their info via:
18 error
18 error     npm owner ls js-jquery-slider
18 error There is likely additional logging output above.
19 verbose exit [ 1, true ]
